#
# A fatal error has been detected by the Java Runtime Environment:
#
#  EXCEPTION_ACCESS_VIOLATION (0xc0000005) at pc=0x0000000056b069f0, pid=5200, tid=0x0000000000001834
#
# JRE version: OpenJDK Runtime Environment (8.0_76-b03) (build 1.8.0_76-release-b03)
# Java VM: OpenJDK 64-Bit Server VM (25.76-b03 mixed mode windows-amd64 compressed oops)
# Problematic frame:
# V  [jvm.dll+0x4669f0]
#
# Failed to write core dump. Minidumps are not enabled by default on client versions of Windows
#
# If you would like to submit a bug report, please visit:
#   http://bugreport.java.com/bugreport/crash.jsp
#

---------------  T H R E A D  ---------------

Current thread (0x000000001985e000):  JavaThread "C2 CompilerThread0" daemon [_thread_in_native, id=6196, stack(0x000000001b650000,0x000000001b750000)]

siginfo: ExceptionCode=0xc0000005, reading address 0xffffffffffffffff

Registers:
RAX=0x0000000000000000, RBX=0x000000002920ad30, RCX=0x0080000056e5a418, RDX=0x0000000000000000
RSP=0x000000001b74c2c0, RBP=0x000000000000003b, RSI=0x00000000000001d8, RDI=0x000000001b74c310
R8 =0x0000000010000000, R9 =0x0000000021621a60, R10=0x00000000566a0000, R11=0x000000001b74c1e0
R12=0x0000000056e5a418, R13=0x00000000566a0000, R14=0x000000001acdb008, R15=0x00000000000003d8
RIP=0x0000000056b069f0, EFLAGS=0x0000000000010246

Top of Stack: (sp=0x000000001b74c2c0)
0x000000001b74c2c0:   000000001b74eaa0 00000000290fb2f0
0x000000001b74c2d0:   fffffffffffffff8 00000000197e8f30
0x000000001b74c2e0:   0000000000002f7c 0000000056b01abf
0x000000001b74c2f0:   000000002920ab50 000000002920ad30
0x000000001b74c300:   0000000000002f7c 000000001b74c3f0
0x000000001b74c310:   00002f8000000000 0000000000000004
0x000000001b74c320:   0080000056e5a418 0000000000000030
0x000000001b74c330:   00000000205389e0 0000000000000046
0x000000001b74c340:   000000002920add0 000000001b74c6e0
0x000000001b74c350:   000000001acdac30 000000001b74c6e0
0x000000001b74c360:   000000001acdac20 0000000056acecc1
0x000000001b74c370:   0000000000000000 000000001b74c470
0x000000001b74c380:   0000000000000000 0000000000000007
0x000000001b74c390:   0000000000000002 000000001acdac20
0x000000001b74c3a0:   000000002013ba80 000000002013f3f0
0x000000001b74c3b0:   0000000020143a68 00000000014985e8 

Instructions: (pc=0x0000000056b069f0)
0x0000000056b069d0:   48 8b 4f 20 48 39 04 0e 0f 84 9d 00 00 00 48 8b
0x0000000056b069e0:   0c 0e 33 d2 33 c0 48 89 4f 10 66 0f 1f 44 00 00
0x0000000056b069f0:   83 3c 08 00 0f 85 36 01 00 00 ff c2 48 83 c0 04
0x0000000056b06a00:   83 fa 08 72 eb 48 8b 47 30 48 89 44 24 30 48 85 


Register to memory mapping:

RAX=0x0000000000000000 is an unknown value
RBX=0x000000002920ad30 is an unknown value
RCX=0x0080000056e5a418 is an unknown value
RDX=0x0000000000000000 is an unknown value
RSP=0x000000001b74c2c0 is pointing into the stack for thread: 0x000000001985e000
RBP=0x000000000000003b is an unknown value
RSI=0x00000000000001d8 is an unknown value
RDI=0x000000001b74c310 is pointing into the stack for thread: 0x000000001985e000
R8 =0x0000000010000000 is an unknown value
R9 =0x0000000021621a60 is an unknown value
R10=0x00000000566a0000 is an unknown value
R11=0x000000001b74c1e0 is pointing into the stack for thread: 0x000000001985e000
R12=0x0000000056e5a418 is an unknown value
R13=0x00000000566a0000 is an unknown value
R14=0x000000001acdb008 is an unknown value
R15=0x00000000000003d8 is an unknown value


Stack: [0x000000001b650000,0x000000001b750000],  sp=0x000000001b74c2c0,  free space=1008k
Native frames: (J=compiled Java code, j=interpreted, Vv=VM code, C=native code)
V  [jvm.dll+0x4669f0]
V  [jvm.dll+0x461abf]
V  [jvm.dll+0x42ecc1]
V  [jvm.dll+0x43931b]
V  [jvm.dll+0x43badf]
V  [jvm.dll+0x41f212]
V  [jvm.dll+0x806e9]
V  [jvm.dll+0x8101f]
V  [jvm.dll+0x21bc14]
V  [jvm.dll+0x26b60a]
C  [msvcr100.dll+0x21d9f]
C  [msvcr100.dll+0x21e3b]
C  [kernel32.dll+0x159cd]
C  [ntdll.dll+0x2a561]


Current CompileTask:
C2:1120395 13229       4       org.gradle.api.internal.AbstractTask::assertDynamicObject (39 bytes)


---------------  P R O C E S S  ---------------

Java Threads: ( => current thread )
  0x000000001cf36000 JavaThread "Stdin handler" [_thread_blocked, id=2716, stack(0x000000001e3e0000,0x000000001e4e0000)]
  0x00000000201f8000 JavaThread "Asynchronous log dispatcher for DefaultDaemonConnection: socket connection from /127.0.0.1:51403 to /127.0.0.1:50873" [_thread_blocked, id=5904, stack(0x0000000023e40000,0x0000000023f40000)]
  0x00000000201fd800 JavaThread "Daemon worker Thread 2" [_thread_in_native, id=7380, stack(0x000000001e020000,0x000000001e120000)]
  0x00000000201fc800 JavaThread "Cancel handler" [_thread_blocked, id=7752, stack(0x000000001b340000,0x000000001b440000)]
  0x00000000201fc000 JavaThread "Handler for socket connection from /127.0.0.1:51403 to /127.0.0.1:50873" [_thread_in_native, id=6848, stack(0x000000001dd30000,0x000000001de30000)]
  0x00000000201fb000 JavaThread "Daemon Thread 2" [_thread_blocked, id=3664, stack(0x000000001dbd0000,0x000000001dcd0000)]
  0x000000001ce1b000 JavaThread "File lock request listener" [_thread_in_native, id=6268, stack(0x00000000206d0000,0x00000000207d0000)]
  0x000000001b0a2000 JavaThread "pool-1-thread-1" [_thread_blocked, id=3112, stack(0x000000001de40000,0x000000001df40000)]
  0x000000001cc9b000 JavaThread "Incoming local TCP Connector on port 51403" [_thread_in_native, id=6652, stack(0x000000001b110000,0x000000001b210000)]
  0x000000001ad55800 JavaThread "Service Thread" daemon [_thread_blocked, id=6392, stack(0x000000001ba40000,0x000000001bb40000)]
  0x000000001ace3000 JavaThread "C1 CompilerThread2" daemon [_thread_blocked, id=6548, stack(0x000000001b8c0000,0x000000001b9c0000)]
  0x000000001ace1800 JavaThread "C2 CompilerThread1" daemon [_thread_in_native, id=2032, stack(0x000000001b7c0000,0x000000001b8c0000)]
=>0x000000001985e000 JavaThread "C2 CompilerThread0" daemon [_thread_in_native, id=6196, stack(0x000000001b650000,0x000000001b750000)]
  0x000000001acca800 JavaThread "Attach Listener" daemon [_thread_blocked, id=6444, stack(0x000000001b460000,0x000000001b560000)]
  0x000000001984d000 JavaThread "Signal Dispatcher" daemon [_thread_blocked, id=6428, stack(0x000000001b230000,0x000000001b330000)]
  0x0000000019838000 JavaThread "Finalizer" daemon [_thread_blocked, id=6220, stack(0x000000001abc0000,0x000000001acc0000)]
  0x00000000197f1000 JavaThread "Reference Handler" daemon [_thread_blocked, id=3236, stack(0x000000001a900000,0x000000001aa00000)]
  0x000000000237f000 JavaThread "main" [_thread_blocked, id=6624, stack(0x0000000002380000,0x0000000002480000)]

Other Threads:
  0x00000000197e9000 VMThread [stack: 0x000000001aa40000,0x000000001ab40000] [id=6672]
  0x000000001ad59000 WatcherThread [stack: 0x000000001bc50000,0x000000001bd50000] [id=1152]

VM state:not at safepoint (normal execution)

VM Mutex/Monitor currently owned by a thread: None

Heap:
 PSYoungGen      total 349184K, used 297524K [0x0000000780000000, 0x0000000797b00000, 0x00000007c0000000)
  eden space 321536K, 85% used [0x0000000780000000,0x0000000790b0bb18,0x0000000793a00000)
  from space 27648K, 87% used [0x0000000796000000,0x0000000797781870,0x0000000797b00000)
  to   space 33280K, 0% used [0x0000000793a00000,0x0000000793a00000,0x0000000795a80000)
 ParOldGen       total 180736K, used 82968K [0x0000000700000000, 0x000000070b080000, 0x0000000780000000)
  object space 180736K, 45% used [0x0000000700000000,0x00000007051062f0,0x000000070b080000)
 Metaspace       used 66610K, capacity 71422K, committed 71768K, reserved 1112064K
  class space    used 8841K, capacity 9739K, committed 9856K, reserved 1048576K

Card table byte_map: [0x0000000011920000,0x0000000011f30000] byte_map_base: 0x000000000e120000

Marking Bits: (ParMarkBitMap*) 0x0000000056e59d00
 Begin Bits: [0x0000000012860000, 0x0000000015860000)
 End Bits:   [0x0000000015860000, 0x0000000018860000)

Polling page: 0x0000000002360000

CodeCache: size=245760Kb used=37679Kb max_used=37680Kb free=208080Kb
 bounds [0x0000000002560000, 0x0000000004a60000, 0x0000000011560000]
 total_blobs=11843 nmethods=11043 adapters=711
 compilation: enabled

Compilation events (10 events):
Event: 1120.056 Thread 0x000000001ace3000 13405       3       java.util.Hashtable::<init> (114 bytes)
Event: 1120.058 Thread 0x000000001ace3000 nmethod 13405 0x0000000004a4dd90 code [0x0000000004a4e080, 0x0000000004a4f4b8]
Event: 1120.058 Thread 0x000000001ace3000 13406       3       java.util.Dictionary::<init> (5 bytes)
Event: 1120.058 Thread 0x000000001ace3000 nmethod 13406 0x0000000004a433d0 code [0x0000000004a43540, 0x0000000004a436f0]
Event: 1120.058 Thread 0x000000001ace1800 nmethod 13254 0x0000000004a4fe50 code [0x0000000004a50000, 0x0000000004a50718]
Event: 1120.058 Thread 0x000000001ace1800 13403       4       java.lang.CharacterDataLatin1::isJavaIdentifierPart (20 bytes)
Event: 1120.058 Thread 0x000000001ace1800 nmethod 13403 0x00000000046c0f10 code [0x00000000046c1040, 0x00000000046c10d8]
Event: 1120.058 Thread 0x000000001ace1800 13407       4       java.util.Hashtable$Enumerator::nextElement (111 bytes)
Event: 1120.059 Thread 0x000000001ace1800 nmethod 13407 0x0000000004a4ae10 code [0x0000000004a4af40, 0x0000000004a4b018]
Event: 1120.059 Thread 0x000000001ace1800 13282       4       org.gradle.model.internal.registry.NodeAtState::<init> (15 bytes)

GC Heap History (10 events):
Event: 70.776 GC heap before
{Heap before GC invocations=11 (full 2):
 PSYoungGen      total 204288K, used 201355K [0x0000000780000000, 0x000000078d900000, 0x00000007c0000000)
  eden space 188928K, 100% used [0x0000000780000000,0x000000078b880000,0x000000078b880000)
  from space 15360K, 80% used [0x000000078c800000,0x000000078d422f10,0x000000078d700000)
  to   space 15872K, 0% used [0x000000078b880000,0x000000078b880000,0x000000078c800000)
 ParOldGen       total 110080K, used 18548K [0x0000000700000000, 0x0000000706b80000, 0x0000000780000000)
  object space 110080K, 16% used [0x0000000700000000,0x000000070121d0f8,0x0000000706b80000)
 Metaspace       used 52951K, capacity 54792K, committed 55040K, reserved 1097728K
  class space    used 6998K, capacity 7388K, committed 7424K, reserved 1048576K
Event: 70.803 GC heap after
Heap after GC invocations=11 (full 2):
 PSYoungGen      total 204800K, used 15871K [0x0000000780000000, 0x0000000791d80000, 0x00000007c0000000)
  eden space 188928K, 0% used [0x0000000780000000,0x0000000780000000,0x000000078b880000)
  from space 15872K, 99% used [0x000000078b880000,0x000000078c7ffff0,0x000000078c800000)
  to   space 20480K, 0% used [0x0000000790980000,0x0000000790980000,0x0000000791d80000)
 ParOldGen       total 110080K, used 26939K [0x0000000700000000, 0x0000000706b80000, 0x0000000780000000)
  object space 110080K, 24% used [0x0000000700000000,0x0000000701a4ec18,0x0000000706b80000)
 Metaspace       used 52951K, capacity 54792K, committed 55040K, reserved 1097728K
  class space    used 6998K, capacity 7388K, committed 7424K, reserved 1048576K
}
Event: 75.560 GC heap before
{Heap before GC invocations=12 (full 2):
 PSYoungGen      total 204800K, used 193893K [0x0000000780000000, 0x0000000791d80000, 0x00000007c0000000)
  eden space 188928K, 94% used [0x0000000780000000,0x000000078add9508,0x000000078b880000)
  from space 15872K, 99% used [0x000000078b880000,0x000000078c7ffff0,0x000000078c800000)
  to   space 20480K, 0% used [0x0000000790980000,0x0000000790980000,0x0000000791d80000)
 ParOldGen       total 110080K, used 26939K [0x0000000700000000, 0x0000000706b80000, 0x0000000780000000)
  object space 110080K, 24% used [0x0000000700000000,0x0000000701a4ec18,0x0000000706b80000)
 Metaspace       used 56358K, capacity 58986K, committed 59096K, reserved 1099776K
  class space    used 7406K, capacity 7919K, committed 7936K, reserved 1048576K
Event: 75.869 GC heap after
Heap after GC invocations=12 (full 2):
 PSYoungGen      total 262656K, used 20480K [0x0000000780000000, 0x0000000793e80000, 0x00000007c0000000)
  eden space 242176K, 0% used [0x0000000780000000,0x0000000780000000,0x000000078ec80000)
  from space 20480K, 100% used [0x0000000790980000,0x0000000791d80000,0x0000000791d80000)
  to   space 29696K, 0% used [0x000000078ec80000,0x000000078ec80000,0x0000000790980000)
 ParOldGen       total 110080K, used 45780K [0x0000000700000000, 0x0000000706b80000, 0x0000000780000000)
  object space 110080K, 41% used [0x0000000700000000,0x0000000702cb5230,0x0000000706b80000)
 Metaspace       used 56358K, capacity 58986K, committed 59096K, reserved 1099776K
  class space    used 7406K, capacity 7919K, committed 7936K, reserved 1048576K
}
Event: 75.869 GC heap before
{Heap before GC invocations=13 (full 3):
 PSYoungGen      total 262656K, used 20480K [0x0000000780000000, 0x0000000793e80000, 0x00000007c0000000)
  eden space 242176K, 0% used [0x0000000780000000,0x0000000780000000,0x000000078ec80000)
  from space 20480K, 100% used [0x0000000790980000,0x0000000791d80000,0x0000000791d80000)
  to   space 29696K, 0% used [0x000000078ec80000,0x000000078ec80000,0x0000000790980000)
 ParOldGen       total 110080K, used 45780K [0x0000000700000000, 0x0000000706b80000, 0x0000000780000000)
  object space 110080K, 41% used [0x0000000700000000,0x0000000702cb5230,0x0000000706b80000)
 Metaspace       used 56358K, capacity 58986K, committed 59096K, reserved 1099776K
  class space    used 7406K, capacity 7919K, committed 7936K, reserved 1048576K
Event: 77.017 GC heap after
Heap after GC invocations=13 (full 3):
 PSYoungGen      total 262656K, used 0K [0x0000000780000000, 0x0000000793e80000, 0x00000007c0000000)
  eden space 242176K, 0% used [0x0000000780000000,0x0000000780000000,0x000000078ec80000)
  from space 20480K, 0% used [0x0000000790980000,0x0000000790980000,0x0000000791d80000)
  to   space 29696K, 0% used [0x000000078ec80000,0x000000078ec80000,0x0000000790980000)
 ParOldGen       total 180736K, used 60318K [0x0000000700000000, 0x000000070b080000, 0x0000000780000000)
  object space 180736K, 33% used [0x0000000700000000,0x0000000703ae7848,0x000000070b080000)
 Metaspace       used 56358K, capacity 58986K, committed 59096K, reserved 1099776K
  class space    used 7406K, capacity 7919K, committed 7936K, reserved 1048576K
}
Event: 94.228 GC heap before
{Heap before GC invocations=14 (full 3):
 PSYoungGen      total 262656K, used 242176K [0x0000000780000000, 0x0000000793e80000, 0x00000007c0000000)
  eden space 242176K, 100% used [0x0000000780000000,0x000000078ec80000,0x000000078ec80000)
  from space 20480K, 0% used [0x0000000790980000,0x0000000790980000,0x0000000791d80000)
  to   space 29696K, 0% used [0x000000078ec80000,0x000000078ec80000,0x0000000790980000)
 ParOldGen       total 180736K, used 60318K [0x0000000700000000, 0x000000070b080000, 0x0000000780000000)
  object space 180736K, 33% used [0x0000000700000000,0x0000000703ae7848,0x000000070b080000)
 Metaspace       used 60030K, capacity 63630K, committed 63832K, reserved 1103872K
  class space    used 8027K, capacity 8769K, committed 8832K, reserved 1048576K
Event: 94.417 GC heap after
Heap after GC invocations=14 (full 3):
 PSYoungGen      total 271872K, used 24317K [0x0000000780000000, 0x0000000797f00000, 0x00000007c0000000)
  eden space 242176K, 0% used [0x0000000780000000,0x0000000780000000,0x000000078ec80000)
  from space 29696K, 81% used [0x000000078ec80000,0x000000079043f430,0x0000000790980000)
  to   space 31744K, 0% used [0x0000000796000000,0x0000000796000000,0x0000000797f00000)
 ParOldGen       total 180736K, used 60318K [0x0000000700000000, 0x000000070b080000, 0x0000000780000000)
  object space 180736K, 33% used [0x0000000700000000,0x0000000703ae7848,0x000000070b080000)
 Metaspace       used 60030K, capacity 63630K, committed 63832K, reserved 1103872K
  class space    used 8027K, capacity 8769K, committed 8832K, reserved 1048576K
}
Event: 108.216 GC heap before
{Heap before GC invocations=15 (full 3):
 PSYoungGen      total 271872K, used 266493K [0x0000000780000000, 0x0000000797f00000, 0x00000007c0000000)
  eden space 242176K, 100% used [0x0000000780000000,0x000000078ec80000,0x000000078ec80000)
  from space 29696K, 81% used [0x000000078ec80000,0x000000079043f430,0x0000000790980000)
  to   space 31744K, 0% used [0x0000000796000000,0x0000000796000000,0x0000000797f00000)
 ParOldGen       total 180736K, used 60318K [0x0000000700000000, 0x000000070b080000, 0x0000000780000000)
  object space 180736K, 33% used [0x0000000700000000,0x0000000703ae7848,0x000000070b080000)
 Metaspace       used 62223K, capacity 66526K, committed 66776K, reserved 1107968K
  class space    used 8284K, capacity 9145K, committed 9216K, reserved 1048576K
Event: 108.306 GC heap after
Heap after GC invocations=15 (full 3):
 PSYoungGen      total 349184K, used 24070K [0x0000000780000000, 0x0000000797b00000, 0x00000007c0000000)
  eden space 321536K, 0% used [0x0000000780000000,0x0000000780000000,0x0000000793a00000)
  from space 27648K, 87% used [0x0000000796000000,0x0000000797781870,0x0000000797b00000)
  to   space 33280K, 0% used [0x0000000793a00000,0x0000000793a00000,0x0000000795a80000)
 ParOldGen       total 180736K, used 82968K [0x0000000700000000, 0x000000070b080000, 0x0000000780000000)
  object space 180736K, 45% used [0x0000000700000000,0x00000007051062f0,0x000000070b080000)
 Metaspace       used 62223K, capacity 66526K, committed 66776K, reserved 1107968K
  class space    used 8284K, capacity 9145K, committed 9216K, reserved 1048576K
}

Deoptimization events (10 events):
Event: 1117.310 Thread 0x00000000201fd800 Uncommon trap: reason=unstable_if action=reinterpret pc=0x00000000036eb8c4 method=com.sun.org.apache.xerces.internal.impl.dtd.XMLDTDValidator.handleStartElement(Lcom/sun/org/apache/xerces/internal/xni/QName;Lcom/sun/org/apache/xerces/internal/xni/XMLAttrib≠çE¡=uë@
Event: 1117.310 Thread 0x00000000201fd800 Uncommon trap: reason=class_check action=maybe_recompile pc=0x0000000003020850 method=com.sun.org.apache.xerces.internal.impl.dtd.XMLDTDValidator.startElement(Lcom/sun/org/apache/xerces/internal/xni/QName;Lcom/sun/org/apache/xerces/internal/xni/XMLAttributKP¬“=uë@
Event: 1117.310 Thread 0x00000000201fd800 Uncommon trap: reason=class_check action=maybe_recompile pc=0x0000000003020834 method=com.sun.org.apache.xerces.internal.impl.XMLDocumentFragmentScannerImpl.scanStartElement()Z @ 430
Event: 1117.310 Thread 0x00000000201fd800 Uncommon trap: reason=class_check action=maybe_recompile pc=0x0000000003020834 method=com.sun.org.apache.xerces.internal.impl.XMLDocumentFragmentScannerImpl.scanStartElement()Z @ 430
Event: 1117.311 Thread 0x00000000201fd800 Uncommon trap: reason=class_check action=maybe_recompile pc=0x0000000003020834 method=com.sun.org.apache.xerces.internal.impl.XMLDocumentFragmentScannerImpl.scanStartElement()Z @ 430
Event: 1117.311 Thread 0x00000000201fd800 Uncommon trap: reason=class_check action=maybe_recompile pc=0x0000000003020834 method=com.sun.org.apache.xerces.internal.impl.XMLDocumentFragmentScannerImpl.scanStartElement()Z @ 430
Event: 1117.325 Thread 0x00000000201fd800 Uncommon trap: reason=bimorphic action=maybe_recompile pc=0x000000000486c9d0 method=com.google.common.cache.LocalCache$Segment.getLiveValue(Lcom/google/common/cache/LocalCache$ReferenceEntry;J)Ljava/lang/Object; @ 21
Event: 1118.189 Thread 0x00000000201fd800 Uncommon trap: reason=predicate action=maybe_recompile pc=0x0000000003dd030c method=java.util.LinkedList.remove(Ljava/lang/Object;)Z @ 48
Event: 1119.387 Thread 0x00000000201fd800 Uncommon trap: reason=class_check action=maybe_recompile pc=0x00000000047db800 method=com.google.common.cache.LocalCache$Segment.expand()V @ 68
Event: 1119.609 Thread 0x00000000201fd800 Uncommon trap: reason=predicate action=maybe_recompile pc=0x00000000030972a0 method=java.lang.Iterable.forEach(Ljava/util/function/Consumer;)V @ 21

Internal exceptions (10 events):
Event: 1115.548 Thread 0x00000000201fd800 Exception <a 'sun/nio/fs/WindowsException'> (0x000000078a7f8b18) thrown at [C:\src\android\AOSP-openjdk\external\jetbrains\jdk\hotspot\src\share\vm\prims\jni.cpp, line 709]
Event: 1115.548 Thread 0x00000000201fd800 Exception <a 'sun/nio/fs/WindowsException'> (0x000000078a7f9670) thrown at [C:\src\android\AOSP-openjdk\external\jetbrains\jdk\hotspot\src\share\vm\prims\jni.cpp, line 709]
Event: 1115.548 Thread 0x00000000201fd800 Exception <a 'sun/nio/fs/WindowsException'> (0x000000078a7fb210) thrown at [C:\src\android\AOSP-openjdk\external\jetbrains\jdk\hotspot\src\share\vm\prims\jni.cpp, line 709]
Event: 1115.548 Thread 0x00000000201fd800 Exception <a 'sun/nio/fs/WindowsException'> (0x000000078a7fbda0) thrown at [C:\src\android\AOSP-openjdk\external\jetbrains\jdk\hotspot\src\share\vm\prims\jni.cpp, line 709]
Event: 1115.548 Thread 0x00000000201fd800 Exception <a 'sun/nio/fs/WindowsException'> (0x000000078a7febb0) thrown at [C:\src\android\AOSP-openjdk\external\jetbrains\jdk\hotspot\src\share\vm\prims\jni.cpp, line 709]
Event: 1115.548 Thread 0x00000000201fd800 Exception <a 'sun/nio/fs/WindowsException'> (0x000000078a7ff540) thrown at [C:\src\android\AOSP-openjdk\external\jetbrains\jdk\hotspot\src\share\vm\prims\jni.cpp, line 709]
Event: 1115.549 Thread 0x00000000201fd800 Exception <a 'sun/nio/fs/WindowsException'> (0x000000078a800fa0) thrown at [C:\src\android\AOSP-openjdk\external\jetbrains\jdk\hotspot\src\share\vm\prims\jni.cpp, line 709]
Event: 1115.549 Thread 0x00000000201fd800 Exception <a 'sun/nio/fs/WindowsException'> (0x000000078a8019f0) thrown at [C:\src\android\AOSP-openjdk\external\jetbrains\jdk\hotspot\src\share\vm\prims\jni.cpp, line 709]
Event: 1116.374 Thread 0x00000000201fd800 Implicit null exception at 0x0000000004724179 to 0x00000000047242e9
Event: 1117.310 Thread 0x00000000201fd800 Implicit null exception at 0x00000000036eb037 to 0x00000000036eb895

Events (10 events):
Event: 1119.768 Thread 0x00000000201fd800 DEOPT PACKING pc=0x00000000047a5f98 sp=0x000000001e117880
Event: 1119.768 Thread 0x00000000201fd800 DEOPT UNPACKING pc=0x00000000025a75bf sp=0x000000001e1175d8 mode 0
Event: 1119.849 Thread 0x00000000201fd800 DEOPT PACKING pc=0x0000000002e26f08 sp=0x000000001e118d20
Event: 1119.849 Thread 0x00000000201fd800 DEOPT UNPACKING pc=0x00000000025a75bf sp=0x000000001e118a88 mode 0
Event: 1119.868 Executing VM operation: RevokeBias
Event: 1119.869 Executing VM operation: RevokeBias done
Event: 1119.870 Executing VM operation: RevokeBias
Event: 1119.870 Executing VM operation: RevokeBias done
Event: 1119.891 Thread 0x00000000201fd800 DEOPT PACKING pc=0x00000000047a5f98 sp=0x000000001e117060
Event: 1119.891 Thread 0x00000000201fd800 DEOPT UNPACKING pc=0x00000000025a75bf sp=0x000000001e116db8 mode 0


Dynamic libraries:
0x000000013f610000 - 0x000000013f641000 	C:\Program Files\Android\Android Studio\jre\bin\java.exe
0x00000000776a0000 - 0x000000007784a000 	C:\Windows\SYSTEM32\ntdll.dll
0x0000000077480000 - 0x000000007759f000 	C:\Windows\system32\kernel32.dll
0x000007fefd400000 - 0x000007fefd46a000 	C:\Windows\system32\KERNELBASE.dll
0x000007feff8d0000 - 0x000007feff9ab000 	C:\Windows\system32\ADVAPI32.dll
0x000007feff2a0000 - 0x000007feff33f000 	C:\Windows\system32\msvcrt.dll
0x000007fefe4d0000 - 0x000007fefe4ef000 	C:\Windows\SYSTEM32\sechost.dll
0x000007feff740000 - 0x000007feff86d000 	C:\Windows\system32\RPCRT4.dll
0x00000000775a0000 - 0x000000007769a000 	C:\Windows\system32\USER32.dll
0x000007feff630000 - 0x000007feff697000 	C:\Windows\system32\GDI32.dll
0x000007feff340000 - 0x000007feff34e000 	C:\Windows\system32\LPK.dll
0x000007fefe110000 - 0x000007fefe1da000 	C:\Windows\system32\USP10.dll
0x000007fefbf40000 - 0x000007fefc134000 	C:\Windows\WinSxS\amd64_microsoft.windows.common-controls_6595b64144ccf1df_6.0.7601.18837_none_fa3b1e3d17594757\COMCTL32.dll
0x000007fefdd00000 - 0x000007fefdd71000 	C:\Windows\system32\SHLWAPI.dll
0x000007fefdd80000 - 0x000007fefddae000 	C:\Windows\system32\IMM32.DLL
0x000007fefe1e0000 - 0x000007fefe2e9000 	C:\Windows\system32\MSCTF.dll
0x0000000053b20000 - 0x0000000053bf2000 	C:\Program Files\Android\Android Studio\jre\jre\bin\msvcr100.dll
0x00000000566a0000 - 0x0000000056ed4000 	C:\Program Files\Android\Android Studio\jre\jre\bin\server\jvm.dll
0x000007fefc3c0000 - 0x000007fefc3c9000 	C:\Windows\system32\WSOCK32.dll
0x000007fefd750000 - 0x000007fefd79d000 	C:\Windows\system32\WS2_32.dll
0x000007fefe100000 - 0x000007fefe108000 	C:\Windows\system32\NSI.dll
0x000007fefa9d0000 - 0x000007fefaa0b000 	C:\Windows\system32\WINMM.dll
0x000007fefbd80000 - 0x000007fefbd8c000 	C:\Windows\system32\VERSION.dll
0x0000000077860000 - 0x0000000077867000 	C:\Windows\system32\PSAPI.DLL
0x000007fefc3a0000 - 0x000007fefc3af000 	C:\Program Files\Android\Android Studio\jre\jre\bin\verify.dll
0x000007fefa7e0000 - 0x000007fefa809000 	C:\Program Files\Android\Android Studio\jre\jre\bin\java.dll
0x000007feef4e0000 - 0x000007feef4f6000 	C:\Program Files\Android\Android Studio\jre\jre\bin\zip.dll
0x000007fefe4f0000 - 0x000007feff27a000 	C:\Windows\system32\SHELL32.dll
0x000007feff430000 - 0x000007feff62c000 	C:\Windows\system32\ole32.dll
0x000007fefd390000 - 0x000007fefd39f000 	C:\Windows\system32\profapi.dll
0x000007feef3f0000 - 0x000007feef40a000 	C:\Program Files\Android\Android Studio\jre\jre\bin\net.dll
0x000007fefcb20000 - 0x000007fefcb75000 	C:\Windows\system32\mswsock.dll
0x000007fefcb10000 - 0x000007fefcb17000 	C:\Windows\System32\wship6.dll
0x000007feeeff0000 - 0x000007feef001000 	C:\Program Files\Android\Android Studio\jre\jre\bin\nio.dll
0x000007fefa510000 - 0x000007fefa52e000 	C:\Users\Admin\.gradle\native\23\windows-amd64\native-platform.dll
0x000007fefcb80000 - 0x000007fefcb98000 	C:\Windows\system32\CRYPTSP.dll
0x000007fefc880000 - 0x000007fefc8c7000 	C:\Windows\system32\rsaenh.dll
0x000007fefd3c0000 - 0x000007fefd3de000 	C:\Windows\system32\USERENV.dll
0x000007fefd230000 - 0x000007fefd23f000 	C:\Windows\system32\CRYPTBASE.dll
0x000007fefb040000 - 0x000007fefb067000 	C:\Windows\system32\IPHLPAPI.DLL
0x000007fefb020000 - 0x000007fefb02b000 	C:\Windows\system32\WINNSI.DLL
0x000007fefaf50000 - 0x000007fefaf61000 	C:\Windows\system32\dhcpcsvc6.DLL
0x000007fefaf30000 - 0x000007fefaf48000 	C:\Windows\system32\dhcpcsvc.DLL
0x000007fefa560000 - 0x000007fefa56d000 	C:\Program Files\Android\Android Studio\jre\jre\bin\management.dll
0x000007fefd1d0000 - 0x000007fefd227000 	C:\Windows\system32\apphelp.dll
0x000007feebe70000 - 0x000007feebe94000 	C:\Program Files\Android\Android Studio\jre\jre\bin\sunec.dll
0x000007fefbd50000 - 0x000007fefbd57000 	C:\Windows\System32\wshtcpip.dll
0x000007fefc9a0000 - 0x000007fefc9fb000 	C:\Windows\system32\DNSAPI.dll
0x000007fef70e0000 - 0x000007fef70e8000 	C:\Windows\system32\rasadhlp.dll
0x000007fefaea0000 - 0x000007fefaef3000 	C:\Windows\System32\fwpuclnt.dll
0x000007fef8db0000 - 0x000007fef8ed5000 	C:\Windows\system32\dbghelp.dll

VM Arguments:
jvm_args: -XX:MaxPermSize=1024m -XX:+HeapDumpOnOutOfMemoryError -Xmx3072m -Dfile.encoding=UTF-8 -Duser.country=CN -Duser.language=zh -Duser.variant 
java_command: org.gradle.launcher.daemon.bootstrap.GradleDaemon 3.3
java_class_path (initial): C:\Users\Admin\.gradle\wrapper\dists\gradle-3.3-all\55gk2rcmfc6p2dg9u9ohc3hw9\gradle-3.3\lib\gradle-launcher-3.3.jar
Launcher Type: SUN_STANDARD

Environment Variables:
JAVA_HOME=C:\Program Files\Java\jdk1.8.0_121
CLASSPATH=.;C:\Program Files\Java\jdk1.8.0_121\lib;C:\Program Files\Java\jdk1.8.0_121\lib\tools.jar
PATH=H:\Python\Python35\Scripts\;H:\Python\Python35\;C:\ProgramData\Oracle\Java\javapath;C:\Program Files (x86)\NVIDIA Corporation\PhysX\Common;C:\Windows\system32;C:\Windows;C:\Windows\System32\Wbem;C:\Windows\System32\WindowsPowerShell\v1.0\;C:\Program Files\TortoiseSVN\bin;C:\Program Files\nodejs\;C:\Program Files\Git\cmd;C:\Program Files\Java\jdk1.8.0_121\bin;C:\Program Files\Java\jdk1.8.0_121\jre\bin;H:\Android\sdk\platform-tools;H:\Android\sdk\tools;H:\Android\sdk\build-tools\22.0.1;H:\Android\sdk\tools\bin;H:\apache-maven-3.3.9\bin;I:\tools\apache-tomcat-8.5.14\bin;I:\tools\apache-tomcat-8.5.14\lib;C:\Users\Admin\.gradle\wrapper\dists\gradle-2.14.1-all\8bnwg5hd3w55iofp58khbp6yv\gradle-2.14.1\bin;C:\Users\Admin\AppData\Roaming\npm
USERNAME=Admin
OS=Windows_NT
PROCESSOR_IDENTIFIER=Intel64 Family 6 Model 58 Stepping 9, GenuineIntel



---------------  S Y S T E M  ---------------

OS: Windows 7 , 64 bit Build 7601 (6.1.7601.23714)

CPU:total 4 (2 cores per cpu, 2 threads per core) family 6 model 58 stepping 9, cmov, cx8, fxsr, mmx, sse, sse2, sse3, ssse3, sse4.1, sse4.2, popcnt, avx, clmul, erms, ht, tsc, tscinvbit, tscinv

Memory: 4k page, physical 16741276k(10471220k free), swap 33480692k(26655036k free)

vm_info: OpenJDK 64-Bit Server VM (25.76-b03) for windows-amd64 JRE (1.8.0_76-release-b03), built on Jun 29 2016 19:09:20 by "ralucas" with MS VC++ 10.0 (VS2010)

time: Tue Apr 25 09:53:56 2017
elapsed time: 1120 seconds (0d 0h 18m 40s)

